0 info it worked if it ends with ok
1 verbose cli [ 'D:\\Program Files\\nodejs\\node.exe',
1 verbose cli   'D:\\Program Files\\nodejs\\node_modules\\npm\\bin\\npm-cli.js',
1 verbose cli   'publish',
1 verbose cli   '--access=public' ]
2 info using npm@3.10.8
3 info using node@v6.9.1
4 verbose publish [ '.' ]
5 silly cache add args [ '.', null ]
6 verbose cache add spec .
7 silly cache add parsed spec Result {
7 silly cache add   raw: '.',
7 silly cache add   scope: null,
7 silly cache add   escapedName: null,
7 silly cache add   name: null,
7 silly cache add   rawSpec: '.',
7 silly cache add   spec: 'F:\\node\\generator-mycli',
7 silly cache add   type: 'directory' }
8 verbose addLocalDirectory C:\Users\BYM\AppData\Roaming\npm-cache\generator-weber\0.0.1\package.tgz not in flight; packing
9 verbose correctMkdir C:\Users\BYM\AppData\Roaming\npm-cache correctMkdir not in flight; initializing
10 info lifecycle generator-weber@0.0.1~prepublish: generator-weber@0.0.1
11 silly lifecycle generator-weber@0.0.1~prepublish: no script for prepublish, continuing
12 verbose tar pack [ 'C:\\Users\\BYM\\AppData\\Roaming\\npm-cache\\generator-weber\\0.0.1\\package.tgz',
12 verbose tar pack   'F:\\node\\generator-mycli' ]
13 verbose tarball C:\Users\BYM\AppData\Roaming\npm-cache\generator-weber\0.0.1\package.tgz
14 verbose folder F:\node\generator-mycli
15 verbose addLocalTarball adding from inside cache C:\Users\BYM\AppData\Roaming\npm-cache\generator-weber\0.0.1\package.tgz
16 verbose correctMkdir C:\Users\BYM\AppData\Roaming\npm-cache correctMkdir not in flight; initializing
17 silly cache afterAdd generator-weber@0.0.1
18 verbose afterAdd C:\Users\BYM\AppData\Roaming\npm-cache\generator-weber\0.0.1\package\package.json not in flight; writing
19 verbose correctMkdir C:\Users\BYM\AppData\Roaming\npm-cache correctMkdir not in flight; initializing
20 verbose afterAdd C:\Users\BYM\AppData\Roaming\npm-cache\generator-weber\0.0.1\package\package.json written
21 silly publish { name: 'generator-weber',
21 silly publish   version: '0.0.1',
21 silly publish   description: '我的脚手架',
21 silly publish   main: 'index.js',
21 silly publish   scripts: { test: 'echo "Error: no test specified" && exit 1' },
21 silly publish   repository:
21 silly publish    { type: 'git',
21 silly publish      url: 'git+https://github.com/baiyuming/generator-mycli.git' },
21 silly publish   keywords: [ 'weber' ],
21 silly publish   author: { name: 'bym' },
21 silly publish   license: 'MIT',
21 silly publish   bugs: { url: 'https://github.com/baiyuming/generator-mycli/issues' },
21 silly publish   homepage: 'https://github.com/baiyuming/generator-mycli',
21 silly publish   dependencies:
21 silly publish    { chai: '^3.3.0',
21 silly publish      chalk: '^1.1.1',
21 silly publish      'fs-extra': '^0.24.0',
21 silly publish      mocha: '^2.3.3',
21 silly publish      'yeoman-generator': '^0.24.1',
21 silly publish      yosay: '^1.0.5' },
21 silly publish   readme: 'ERROR: No README data found!',
21 silly publish   _id: 'generator-weber@0.0.1',
21 silly publish   _shasum: 'bebb768233aee012daf797f7bfe240528ab9671c',
21 silly publish   _from: '.' }
22 verbose getPublishConfig undefined
23 silly mapToRegistry name generator-weber
24 silly mapToRegistry using default registry
25 silly mapToRegistry registry http://r.cnpmjs.org/
26 silly mapToRegistry data Result {
26 silly mapToRegistry   raw: 'generator-weber',
26 silly mapToRegistry   scope: null,
26 silly mapToRegistry   escapedName: 'generator-weber',
26 silly mapToRegistry   name: 'generator-weber',
26 silly mapToRegistry   rawSpec: '',
26 silly mapToRegistry   spec: 'latest',
26 silly mapToRegistry   type: 'tag' }
27 silly mapToRegistry uri http://r.cnpmjs.org/generator-weber
28 verbose publish registryBase http://r.cnpmjs.org/
29 silly publish uploading C:\Users\BYM\AppData\Roaming\npm-cache\generator-weber\0.0.1\package.tgz
30 verbose request uri http://r.cnpmjs.org/generator-weber
31 verbose request sending authorization for write operation
32 info attempt registry request try #1 at 19:51:19
33 verbose request id 3fd628f10cdfef8e
34 http request PUT http://r.cnpmjs.org/generator-weber
35 http 403 http://r.cnpmjs.org/generator-weber
36 verbose headers { server: 'nginx/1.4.6 (Ubuntu)',
36 verbose headers   date: 'Thu, 02 Mar 2017 11:51:20 GMT',
36 verbose headers   'content-type': 'application/json; charset=utf-8',
36 verbose headers   'transfer-encoding': 'chunked',
36 verbose headers   connection: 'keep-alive',
36 verbose headers   'x-current-requests': '1',
36 verbose headers   'x-readtime': '14',
36 verbose headers   'content-encoding': 'gzip' }
37 verbose request invalidating C:\Users\BYM\AppData\Roaming\npm-cache\r.cnpmjs.org\generator-weber on PUT
38 error publish Failed PUT 403
39 verbose stack Error: no_perms Private mode enable, only admin can publish this module: generator-weber
39 verbose stack     at makeError (D:\Program Files\nodejs\node_modules\npm\node_modules\npm-registry-client\lib\request.js:302:12)
39 verbose stack     at CachingRegistryClient.<anonymous> (D:\Program Files\nodejs\node_modules\npm\node_modules\npm-registry-client\lib\request.js:290:14)
39 verbose stack     at D:\Program Files\nodejs\node_modules\npm\node_modules\npm-registry-client\lib\request.js:216:7
39 verbose stack     at Gunzip.onEnd (zlib.js:227:5)
39 verbose stack     at emitNone (events.js:91:20)
39 verbose stack     at Gunzip.emit (events.js:185:7)
39 verbose stack     at endReadableNT (_stream_readable.js:974:12)
39 verbose stack     at _combinedTickCallback (internal/process/next_tick.js:74:11)
39 verbose stack     at process._tickCallback (internal/process/next_tick.js:98:9)
40 verbose statusCode 403
41 verbose pkgid generator-weber
42 verbose cwd F:\node\generator-mycli
43 error Windows_NT 10.0.14393
44 error argv "D:\\Program Files\\nodejs\\node.exe" "D:\\Program Files\\nodejs\\node_modules\\npm\\bin\\npm-cli.js" "publish" "--access=public"
45 error node v6.9.1
46 error npm  v3.10.8
47 error code E403
48 error no_perms Private mode enable, only admin can publish this module: generator-weber
49 error If you need help, you may report this error at:
49 error     <https://github.com/npm/npm/issues>
50 verbose exit [ 1, true ]
